<?xml version="1.0" encoding="UTF-8"?>
<testng-results skipped="0" failed="0" ignored="0" total="1" passed="1">
  <reporter-output>
  </reporter-output>
  <suite name="Default suite" duration-ms="6333" started-at="2018-02-12T01:33:56Z" finished-at="2018-02-12T01:34:03Z">
    <groups>
    </groups>
    <test name="Default test" duration-ms="6333" started-at="2018-02-12T01:33:56Z" finished-at="2018-02-12T01:34:03Z">
      <class name="pagefactorytestscripts.SortProdPageFactoryTest">
        <test-method status="PASS" signature="setUp()[pri:0, instance:pagefactorytestscripts.SortProdPageFactoryTest@1d29cf23]" name="setUp" is-config="true" duration-ms="5266" started-at="2018-02-11T17:33:56Z" finished-at="2018-02-11T17:34:02Z">
          <reporter-output>
          </reporter-output>
        </test-method> <!-- setUp -->
        <test-method status="PASS" signature="VerifySortProd_Name()[pri:0, instance:pagefactorytestscripts.SortProdPageFactoryTest@1d29cf23]" name="VerifySortProd_Name" duration-ms="453" started-at="2018-02-11T17:34:02Z" finished-at="2018-02-11T17:34:02Z">
          <reporter-output>
          </reporter-output>
        </test-method> <!-- VerifySortProd_Name -->
        <test-method status="PASS" signature="tearDown()[pri:0, instance:pagefactorytestscripts.SortProdPageFactoryTest@1d29cf23]" name="tearDown" is-config="true" duration-ms="582" started-at="2018-02-11T17:34:02Z" finished-at="2018-02-11T17:34:03Z">
          <reporter-output>
          </reporter-output>
        </test-method> <!-- tearDown -->
      </class> <!-- pagefactorytestscripts.SortProdPageFactoryTest -->
    </test> <!-- Default test -->
  </suite> <!-- Default suite -->
</testng-results>
